(08 Mar 16:02:00 INFO) Train batch[50] sample[3180]
(08 Mar 16:02:00 INFO) Test batch[6] sample[348]

(08 Mar 16:02:48 INFO) [TRAIN] epoch[1/50] loss:10.4836 mean_f1_score:0.0000 [0.0000 0.0000 0.0000 0.0000 0.0000 0.0000 0.0000 0.0000 0.0000 0.0000 0.0000 0.0000 0.0000 0.0000 0.0000 0.0000]
(08 Mar 16:02:51 INFO) [TEST] epoch[1/50] loss:9.4987 mean_f1_score:0.0000 [0.0000,0.0000,0.0000,0.0000,0.0000,0.0000,0.0000,0.0000,0.0000,0.0000,0.0000,0.0000,0.0000,0.0000,0.0000,0.0000]
(08 Mar 16:03:38 INFO) [TRAIN] epoch[2/50] loss:6.3075 mean_f1_score:0.2831 [0.6250 0.8333 0.6429 0.5714 0.6154 0.4000 0.0000 0.0000 0.0000 0.8421 0.0000 0.0000 0.0000 0.0000 0.0000 0.0000]
(08 Mar 16:03:40 INFO) [TEST] epoch[2/50] loss:6.8466 mean_f1_score:0.2403 [0.3175,0.4000,0.6667,0.3509,0.6957,0.4464,0.0800,0.0000,0.0000,0.8516,0.0000,0.0364,0.0000,0.0000,0.0000,0.0000]
(08 Mar 16:04:27 INFO) [TRAIN] epoch[3/50] loss:5.7285 mean_f1_score:0.4180 [0.5556 0.7692 0.6364 0.8889 0.7500 0.6667 0.8571 0.0000 0.0000 0.6154 0.0000 0.6154 0.0000 0.0000 0.3333 0.0000]
(08 Mar 16:04:29 INFO) [TEST] epoch[3/50] loss:6.0111 mean_f1_score:0.4286 [0.6000,0.6316,0.7750,0.4286,0.7500,0.6250,0.8333,0.0000,0.0000,0.8966,0.0000,0.5263,0.0000,0.4750,0.3158,0.0000]
(08 Mar 16:05:17 INFO) [TRAIN] epoch[4/50] loss:4.2932 mean_f1_score:0.5951 [0.8889 0.8571 0.8235 0.9231 0.7059 0.4615 1.0000 0.0000 0.0000 0.9565 0.5000 0.6667 0.0000 0.6667 0.5714 0.5000]
(08 Mar 16:05:20 INFO) [TEST] epoch[4/50] loss:5.6363 mean_f1_score:0.4900 [0.6541,0.7273,0.7692,0.5312,0.6331,0.6479,0.8462,0.0000,0.4516,0.9396,0.0769,0.6122,0.0000,0.5128,0.4375,0.0000]
(08 Mar 16:06:09 INFO) [TRAIN] epoch[5/50] loss:3.7478 mean_f1_score:0.5435 [0.9286 0.9524 0.7692 0.9412 0.6154 0.5882 1.0000 0.0000 0.5000 0.9412 0.0000 0.6667 0.0000 0.2222 0.5714 0.0000]
(08 Mar 16:06:11 INFO) [TEST] epoch[5/50] loss:5.5737 mean_f1_score:0.4604 [0.5693,0.7013,0.7860,0.5479,0.5854,0.6308,0.9348,0.0000,0.2222,0.9536,0.0000,0.6596,0.0000,0.3200,0.4557,0.0000]
(08 Mar 16:07:00 INFO) [TRAIN] epoch[6/50] loss:3.9006 mean_f1_score:0.6433 [0.9091 0.9412 0.7407 0.9000 0.7500 0.5882 0.8889 1.0000 0.5000 0.8889 0.0000 0.4000 0.5000 0.5000 0.5000 0.2857]
(08 Mar 16:07:02 INFO) [TEST] epoch[6/50] loss:6.1716 mean_f1_score:0.4862 [0.5246,0.7368,0.7532,0.5600,0.6400,0.6125,0.9592,0.1429,0.3750,0.9036,0.0000,0.4533,0.0000,0.6753,0.4421,0.0000]
(08 Mar 16:07:51 INFO) [TRAIN] epoch[7/50] loss:2.7628 mean_f1_score:0.7647 [0.8696 0.9000 0.8824 0.8421 0.7500 0.8571 1.0000 0.6667 1.0000 0.8333 0.6667 0.8000 0.0000 0.8333 0.8333 0.5000]
(08 Mar 16:07:53 INFO) [TEST] epoch[7/50] loss:6.7337 mean_f1_score:0.4917 [0.6069,0.7907,0.7850,0.5432,0.6389,0.5298,0.9057,0.0000,0.4516,0.9272,0.0714,0.5618,0.0000,0.6429,0.4124,0.0000]
(08 Mar 16:08:42 INFO) [TRAIN] epoch[8/50] loss:1.9400 mean_f1_score:0.8289 [0.9545 0.9333 1.0000 1.0000 0.6667 0.8000 1.0000 0.6667 1.0000 0.9231 1.0000 0.8889 0.0000 1.0000 0.8571 0.5714]
(08 Mar 16:08:44 INFO) [TEST] epoch[8/50] loss:7.2887 mean_f1_score:0.5088 [0.6479,0.7470,0.7489,0.5714,0.5455,0.3894,0.9293,0.1250,0.5000,0.9172,0.1875,0.6667,0.0000,0.6420,0.4086,0.1143]
(08 Mar 16:09:32 INFO) [TRAIN] epoch[9/50] loss:1.2586 mean_f1_score:0.8747 [1.0000 1.0000 0.9375 1.0000 0.8889 0.8182 1.0000 1.0000 1.0000 1.0000 0.8000 0.8421 0.0000 0.9091 1.0000 0.8000]
(08 Mar 16:09:35 INFO) [TEST] epoch[9/50] loss:8.1181 mean_f1_score:0.4966 [0.6625,0.7609,0.7500,0.5682,0.6329,0.4615,0.8972,0.1176,0.4516,0.9221,0.0000,0.6087,0.0000,0.5672,0.5455,0.0000]
(08 Mar 16:10:22 INFO) [TRAIN] epoch[10/50] loss:0.9904 mean_f1_score:0.8594 [1.0000 1.0000 1.0000 0.9474 0.9091 0.9412 1.0000 0.6667 1.0000 0.8966 0.5000 0.8889 1.0000 1.0000 1.0000 0.0000]
(08 Mar 16:10:24 INFO) [TEST] epoch[10/50] loss:8.4723 mean_f1_score:0.5025 [0.6711,0.7529,0.7656,0.5588,0.6234,0.4496,0.9412,0.0000,0.5000,0.8861,0.0769,0.6508,0.0000,0.5867,0.4557,0.1212]
(08 Mar 16:11:11 INFO) [TRAIN] epoch[11/50] loss:0.4830 mean_f1_score:0.9717 [1.0000 1.0000 1.0000 0.9333 1.0000 0.9000 1.0000 1.0000 1.0000 0.9474 1.0000 0.9091 1.0000 1.0000 0.8571 1.0000]
(08 Mar 16:11:13 INFO) [TEST] epoch[11/50] loss:11.1761 mean_f1_score:0.4933 [0.6832,0.7765,0.7611,0.6389,0.6375,0.4724,0.9375,0.1053,0.3448,0.8623,0.0714,0.4773,0.0000,0.6133,0.4474,0.0645]
(08 Mar 16:12:01 INFO) [TRAIN] epoch[12/50] loss:0.5429 mean_f1_score:0.9643 [1.0000 1.0000 1.0000 1.0000 1.0000 1.0000 1.0000 1.0000 1.0000 1.0000 1.0000 1.0000 1.0000 0.8571 1.0000 0.5714]
(08 Mar 16:12:03 INFO) [TEST] epoch[12/50] loss:12.3184 mean_f1_score:0.4792 [0.6901,0.7600,0.7645,0.6216,0.5906,0.5231,0.8807,0.0000,0.2759,0.8623,0.0000,0.5714,0.0000,0.5476,0.5176,0.0625]
(08 Mar 16:12:50 INFO) [TRAIN] epoch[13/50] loss:0.2643 mean_f1_score:0.9219 [1.0000 1.0000 1.0000 1.0000 1.0000 1.0000 1.0000 1.0000 0.0000 1.0000 1.0000 1.0000 1.0000 1.0000 1.0000 0.7500]
(08 Mar 16:12:53 INFO) [TEST] epoch[13/50] loss:12.8390 mean_f1_score:0.5050 [0.6951,0.8140,0.7642,0.5610,0.5974,0.5778,0.8889,0.0000,0.2857,0.8917,0.1176,0.5766,0.0000,0.7059,0.4932,0.1111]
(08 Mar 16:13:40 INFO) [TRAIN] epoch[14/50] loss:0.2474 mean_f1_score:0.9290 [0.9655 1.0000 1.0000 1.0000 1.0000 0.9565 1.0000 1.0000 1.0000 1.0000 1.0000 0.9412 0.0000 1.0000 1.0000 1.0000]
(08 Mar 16:13:42 INFO) [TEST] epoch[14/50] loss:11.9190 mean_f1_score:0.4759 [0.6800,0.7105,0.8000,0.5333,0.6190,0.5493,0.9038,0.0000,0.2069,0.8642,0.1081,0.5981,0.0000,0.6250,0.4167,0.0000]
